#
# There is insufficient memory for the Java Runtime Environment to continue.
# Native memory allocation (mmap) failed to map 264241152 bytes for G1 virtual space
# Possible reasons:
#   The system is out of physical RAM or swap space
#   The process is running with CompressedOops enabled, and the Java Heap may be blocking the growth of the native heap
# Possible solutions:
#   Reduce memory load on the system
#   Increase physical memory or swap space
#   Check if swap backing store is full
#   Decrease Java heap size (-Xmx/-Xms)
#   Decrease number of Java threads
#   Decrease Java thread stack sizes (-Xss)
#   Set larger code cache with -XX:ReservedCodeCacheSize=
#   JVM is running with Zero Based Compressed Oops mode in which the Java heap is
#     placed in the first 32GB address space. The Java Heap base address is the
#     maximum limit for the native heap growth. Please use -XX:HeapBaseMinAddress
#     to set the Java Heap base and to place the Java Heap above 32GB virtual address.
# This output file may be truncated or incomplete.
#
#  Out of Memory Error (os_windows.cpp:3532), pid=15816, tid=12424
#
# JRE version:  (17.0.2+8) (build )
# Java VM: Java HotSpot(TM) 64-Bit Server VM (17.0.2+8-LTS-86, mixed mode, sharing, tiered, compressed oops, compressed class ptrs, g1 gc, windows-amd64)
# No core dump will be written. Minidumps are not enabled by default on client versions of Windows
#

---------------  S U M M A R Y ------------

Command Line: -Dfile.encoding=UTF-8 --module-path=C:\Users\wilian_g_cardoso\Documents\GitHub\Senai\Ténico em Desenvolvimento de Sistemas\Programação de Aplicativo\Java\aula05\Calculadora2\build\classes Telas.TelaPrincipal

Host: 12th Gen Intel(R) Core(TM) i5-12500, 12 cores, 15G,  Windows 10 , 64 bit Build 19041 (10.0.19041.2364)
Time: Wed Sep 18 20:30:54 2024 Hora oficial do Brasil elapsed time: 0.006424 seconds (0d 0h 0m 0s)

---------------  T H R E A D  ---------------

Current thread (0x000001a715a90a60):  JavaThread "Unknown thread" [_thread_in_vm, id=12424, stack(0x00000059fc600000,0x00000059fc700000)]

Stack: [0x00000059fc600000,0x00000059fc700000]
Native frames: (J=compiled Java code, j=interpreted, Vv=VM code, C=native code)
V  [jvm.dll+0x670baa]
V  [jvm.dll+0x7cfcb4]
V  [jvm.dll+0x7d145e]
V  [jvm.dll+0x7d1ac3]
V  [jvm.dll+0x242bc5]
V  [jvm.dll+0x66dac9]
V  [jvm.dll+0x662412]
V  [jvm.dll+0x300c0b]
V  [jvm.dll+0x3081a6]
V  [jvm.dll+0x357d0e]
V  [jvm.dll+0x357f3f]
V  [jvm.dll+0x2d7ec8]
V  [jvm.dll+0x2d8e34]
V  [jvm.dll+0x7a18c1]
V  [jvm.dll+0x365a91]
V  [jvm.dll+0x780d2c]
V  [jvm.dll+0x3e845f]
V  [jvm.dll+0x3e9f01]
C  [jli.dll+0x527b]
C  [ucrtbase.dll+0x21bb2]
C  [KERNEL32.DLL+0x17614]
C  [ntdll.dll+0x526a1]


---------------  P R O C E S S  ---------------

Threads class SMR info:
_java_thread_list=0x00007ffff0c59858, length=0, elements={
}

Java Threads: ( => current thread )

Other Threads:
  0x000001a715ae0d70 GCTaskThread "GC Thread#0" [stack: 0x00000059fc700000,0x00000059fc800000] [id=6744]
  0x000001a715af17f0 ConcurrentGCThread "G1 Main Marker" [stack: 0x00000059fc800000,0x00000059fc900000] [id=4572]
  0x000001a715af29a0 ConcurrentGCThread "G1 Conc#0" [stack: 0x00000059fc900000,0x00000059fca00000] [id=14752]

[error occurred during error reporting (printing all threads), id 0xc0000005, EXCEPTION_ACCESS_VIOLATION (0xc0000005) at pc=0x00007ffff04a88a7]

VM state: not at safepoint (not fully initialized)

VM Mutex/Monitor currently owned by a thread:  ([mutex/lock_event])
[0x000001a715a8da30] Heap_lock - owner thread: 0x000001a715a90a60

Heap address: 0x0000000704c00000, size: 4020 MB, Compressed Oops mode: Zero based, Oop shift amount: 3

CDS archive(s) mapped at: [0x0000000000000000-0x0000000000000000-0x0000000000000000), size 0, SharedBaseAddress: 0x0000000800000000, ArchiveRelocationMode: 0.
Narrow klass base: 0x0000000000000000, Narrow klass shift: 0, Narrow klass range: 0x0

GC Precious Log:
<Empty>

Heap:
 garbage-first heap   total 0K, used 0K [0x0000000704c00000, 0x0000000800000000)
  region size 2048K, 0 young (0K), 0 survivors (0K)

[error occurred during error reporting (printing heap information), id 0xc0000005, EXCEPTION_ACCESS_VIOLATION (0xc0000005) at pc=0x00007ffff0889f19]

GC Heap History (0 events):
No events

Deoptimization events (0 events):
No events

Classes unloaded (0 events):
No events

Classes redefined (0 events):
No events

Internal exceptions (0 events):
No events

VM Operations (0 events):
No events

Events (1 events):
Event: 0.004 Loaded shared library C:\Program Files\Java\jdk-17.0.2\bin\java.dll


Dynamic libraries:
0x00007ff673fb0000 - 0x00007ff673fc0000 	C:\Program Files\Java\jdk-17.0.2\bin\java.exe
0x00007ff8663d0000 - 0x00007ff8665c8000 	C:\Windows\SYSTEM32\ntdll.dll
0x00007ff865ff0000 - 0x00007ff8660af000 	C:\Windows\System32\KERNEL32.DLL
0x00007ff863ce0000 - 0x00007ff863fb2000 	C:\Windows\System32\KERNELBASE.dll
0x00007ff8642c0000 - 0x00007ff8643c0000 	C:\Windows\System32\ucrtbase.dll
0x00007ff85f110000 - 0x00007ff85f12a000 	C:\Program Files\Java\jdk-17.0.2\bin\VCRUNTIME140.dll
0x00007ff85f1d0000 - 0x00007ff85f1e8000 	C:\Program Files\Java\jdk-17.0.2\bin\jli.dll
0x00007ff866160000 - 0x00007ff86620e000 	C:\Windows\System32\ADVAPI32.dll
0x00007ff8660b0000 - 0x00007ff86614e000 	C:\Windows\System32\msvcrt.dll
0x00007ff866210000 - 0x00007ff8662ac000 	C:\Windows\System32\sechost.dll
0x00007ff864500000 - 0x00007ff864625000 	C:\Windows\System32\RPCRT4.dll
0x00007ff865ab0000 - 0x00007ff865c51000 	C:\Windows\System32\USER32.dll
0x00007ff864070000 - 0x00007ff864092000 	C:\Windows\System32\win32u.dll
0x00007ff832a40000 - 0x00007ff832cda000 	C:\Windows\WinSxS\amd64_microsoft.windows.common-controls_6595b64144ccf1df_6.0.19041.1110_none_60b5254171f9507e\COMCTL32.dll
0x00007ff865c60000 - 0x00007ff865c8b000 	C:\Windows\System32\GDI32.dll
0x00007ff863ac0000 - 0x00007ff863bcf000 	C:\Windows\System32\gdi32full.dll
0x00007ff863bd0000 - 0x00007ff863c6d000 	C:\Windows\System32\msvcp_win.dll
0x00007ff85e1c0000 - 0x00007ff85e1ca000 	C:\Windows\SYSTEM32\VERSION.dll
0x00007ff864410000 - 0x00007ff864442000 	C:\Windows\System32\IMM32.DLL
0x00007ff85f170000 - 0x00007ff85f17c000 	C:\Program Files\Java\jdk-17.0.2\bin\vcruntime140_1.dll
0x00007ff83f220000 - 0x00007ff83f2ad000 	C:\Program Files\Java\jdk-17.0.2\bin\msvcp140.dll
0x00007ffff01c0000 - 0x00007ffff0d81000 	C:\Program Files\Java\jdk-17.0.2\bin\server\jvm.dll
0x00007ff866150000 - 0x00007ff866158000 	C:\Windows\System32\PSAPI.DLL
0x00007ff8478c0000 - 0x00007ff8478e7000 	C:\Windows\SYSTEM32\WINMM.dll
0x00007ff860ee0000 - 0x00007ff860ee9000 	C:\Windows\SYSTEM32\WSOCK32.dll
0x00007ff8655d0000 - 0x00007ff86563b000 	C:\Windows\System32\WS2_32.dll
0x00007ff862330000 - 0x00007ff862342000 	C:\Windows\SYSTEM32\kernel.appcore.dll
0x00007ff85e580000 - 0x00007ff85e58a000 	C:\Program Files\Java\jdk-17.0.2\bin\jimage.dll
0x00007ff861870000 - 0x00007ff861a54000 	C:\Windows\SYSTEM32\DBGHELP.DLL
0x00007ff83f9b0000 - 0x00007ff83f9e5000 	C:\Windows\SYSTEM32\dbgcore.DLL
0x00007ff864200000 - 0x00007ff864282000 	C:\Windows\System32\bcryptPrimitives.dll
0x00007ff85e8d0000 - 0x00007ff85e8f5000 	C:\Program Files\Java\jdk-17.0.2\bin\java.dll

dbghelp: loaded successfully - version: 4.0.5 - missing functions: none
symbol engine: initialized successfully - sym options: 0x614 - pdb path: .;C:\Program Files\Java\jdk-17.0.2\bin;C:\Windows\SYSTEM32;C:\Windows\WinSxS\amd64_microsoft.windows.common-controls_6595b64144ccf1df_6.0.19041.1110_none_60b5254171f9507e;C:\Program Files\Java\jdk-17.0.2\bin\server

VM Arguments:
jvm_args: -Dfile.encoding=UTF-8 --module-path=C:\Users\wilian_g_cardoso\Documents\GitHub\Senai\Ténico em Desenvolvimento de Sistemas\Programação de Aplicativo\Java\aula05\Calculadora2\build\classes 
java_command: Telas.TelaPrincipal
java_class_path (initial): C:\Users\wilian_g_cardoso\Documents\GitHub\Senai\Ténico em Desenvolvimento de Sistemas\Programação de Aplicativo\Java\aula05\Calculadora2\build\classes
Launcher Type: SUN_STANDARD

[Global flags]
     intx CICompilerCount                          = 4                                         {product} {ergonomic}
     uint ConcGCThreads                            = 3                                         {product} {ergonomic}
     uint G1ConcRefinementThreads                  = 10                                        {product} {ergonomic}
   size_t G1HeapRegionSize                         = 2097152                                   {product} {ergonomic}
    uintx GCDrainStackTargetSize                   = 64                                        {product} {ergonomic}
   size_t InitialHeapSize                          = 264241152                                 {product} {ergonomic}
   size_t MarkStackSize                            = 4194304                                   {product} {ergonomic}
   size_t MaxHeapSize                              = 4215275520                                {product} {ergonomic}
   size_t MinHeapDeltaBytes                        = 2097152                                   {product} {ergonomic}
   size_t MinHeapSize                              = 8388608                                   {product} {ergonomic}
    uintx NonNMethodCodeHeapSize                   = 5839372                                {pd product} {ergonomic}
    uintx NonProfiledCodeHeapSize                  = 122909434                              {pd product} {ergonomic}
    uintx ProfiledCodeHeapSize                     = 122909434                              {pd product} {ergonomic}
    uintx ReservedCodeCacheSize                    = 251658240                              {pd product} {ergonomic}
     bool SegmentedCodeCache                       = true                                      {product} {ergonomic}
   size_t SoftMaxHeapSize                          = 4215275520                             {manageable} {ergonomic}
     bool UseCompressedClassPointers               = true                           {product lp64_product} {ergonomic}
     bool UseCompressedOops                        = true                           {product lp64_product} {ergonomic}
     bool UseG1GC                                  = true                                      {product} {ergonomic}
     bool UseLargePagesIndividualAllocation        = false                                  {pd product} {ergonomic}

Logging:
Log output configuration:
 #0: stdout all=warning uptime,level,tags
 #1: stderr all=off uptime,level,tags

Environment Variables:
PATH=C:\Program Files (x86)\NVIDIA Corporation\PhysX\Common;C:\Program Files\Common Files\Oracle\Java\javapath;C:\Program Files (x86)\Common Files\Oracle\Java\javapath;C:\Windows\system32;C:\Windows;C:\Windows\System32\Wbem;C:\Windows\System32\WindowsPowerShell\v1.0\;C:\Windows\System32\OpenSSH\;C:\Program Files (x86)\IronRuby 1.1\bin;C:\Program Files\Git\cmd;C:\Program Files\Inkscape\bin;C:\Program Files (x86)\IVI Foundation\VISA\WinNT\Bin;C:\Program Files\Azure Data Studio\bin;C:\ProgramData\UNIVALI\Portugol Studio;C:\Program Files\MATLAB\R2021a\runtime\win64;C:\Program Files\MATLAB\R2021a\bin;C:\Program Files\dotnet\;C:\Program Files\Microsoft SQL Server\120\Tools\Binn\;C:\Program Files\Microsoft SQL Server\Client SDK\ODBC\110\Tools\Binn\;C:\Program Files (x86)\Microsoft SQL Server\120\Tools\Binn\;C:\Program Files\Microsoft SQL Server\120\DTS\Binn\;C:\Program Files (x86)\Windows Kits\8.1\Windows Performance Toolkit\;C:\Program Files\Common Files\Autodesk Shared\;C:\Program Files\CodeBlocks\MinGW\bin;C:\Users\Default\AppData\Roaming\npm;C:\Users\Default\AppData\Roaming\node_modules\@angular\cli\bin;C:\Program Files\nodejs\;C:\Program Files\Microsoft SQL Server\150\Tools\Binn\;C:\Program Files\Microsoft SQL Server\Client SDK\ODBC\170\Tools\Binn\;C:\Users\wilian_g_cardoso\AppData\Local\Microsoft\WindowsApps;
USERNAME=wilian_g_cardoso
OS=Windows_NT
PROCESSOR_IDENTIFIER=Intel64 Family 6 Model 151 Stepping 5, GenuineIntel



---------------  S Y S T E M  ---------------

OS:
 Windows 10 , 64 bit Build 19041 (10.0.19041.2364)
OS uptime: 0 days 1:53 hours

CPU: total 12 (initial active 12) (6 cores per cpu, 2 threads per core) family 6 model 151 stepping 5 microcode 0x1e, cx8, cmov, fxsr, ht, mmx, 3dnowpref, sse, sse2, sse3, ssse3, sse4.1, sse4.2, popcnt, lzcnt, tsc, tscinvbit, avx, avx2, aes, erms, clmul, bmi1, bmi2, adx, sha, fma, vzeroupper, clflush, clflushopt, clwb

Memory: 4k page, system-wide physical 16072M (6497M free)
TotalPageFile size 18052M (AvailPageFile size 58M)
current process WorkingSet (physical memory assigned to process): 10M, peak: 10M
current process commit charge ("private bytes"): 64M, peak: 316M

vm_info: Java HotSpot(TM) 64-Bit Server VM (17.0.2+8-LTS-86) for windows-amd64 JRE (17.0.2+8-LTS-86), built on Dec  7 2021 21:51:03 by "mach5one" with MS VC++ 16.8 / 16.9 (VS2019)

END.
